Arguments: 
  C:\Program Files\nodejs\node.exe C:\Program Files (x86)\Yarn\bin\yarn.js install

PATH: 
  C:\Users\ErikSandoval527\bin;C:\Program Files\Git\mingw64\bin;C:\Program Files\Git\usr\local\bin;C:\Program Files\Git\usr\bin;C:\Program Files\Git\usr\bin;C:\Program Files\Git\cmd;C:\Program Files\Git\usr\bin;C:\Users\ErikSandoval527\Downloads\cmder\vendor\conemu-maximus5\ConEmu\Scripts;C:\Users\ErikSandoval527\Downloads\cmder\vendor\conemu-maximus5;C:\Users\ErikSandoval527\Downloads\cmder\vendor\conemu-maximus5\ConEmu;C:\Program Files (x86)\Razer Chroma SDK\bin;C:\Program Files\Razer Chroma SDK\bin;C:\Windows\system32;C:\Windows;C:\Windows\System32\Wbem;C:\Windows\System32\WindowsPowerShell\v1.0;C:\Windows\System32\OpenSSH;C:\Program Files (x86)\NVIDIA Corporation\PhysX\Common;C:\Program Files\NVIDIA Corporation\NVIDIA NvDLISR;C:\Windows\system32\config\systemprofile\AppData\Local\Microsoft\WindowsApps;C:\Program Files\nodejs;C:\Program Files\Git\cmd;C:\Program Files (x86)\Yarn\bin;C:\Users\ErikSandoval527\AppData\Local\Microsoft\WindowsApps;C:\Users\ErikSandoval527\AppData\Local\Programs\Microsoft VS Code\bin;C:\Users\ErikSandoval527\AppData\Roaming\npm;C:\Users\ErikSandoval527\AppData\Local\GitHubDesktop\bin;C:\Users\ErikSandoval527\AppData\Local\Yarn\bin;C:\Program Files\Git\usr\bin\vendor_perl;C:\Program Files\Git\usr\bin\core_perl

Yarn version: 
  1.16.0

Node version: 
  10.15.3

Platform: 
  win32 x64

Trace: 
  SyntaxError: C:\Users\ErikSandoval527\Desktop\WEB DEV FILES\Front-End\package.json: Unexpected end of JSON input
      at JSON.parse (<anonymous>)
      at C:\Program Files (x86)\Yarn\lib\cli.js:1625:59
      at Generator.next (<anonymous>)
      at step (C:\Program Files (x86)\Yarn\lib\cli.js:304:30)
      at C:\Program Files (x86)\Yarn\lib\cli.js:315:13

npm manifest: 
  {
    "name": "server",
    "version": "1.0.0",
    "description": "",
    "main": "server.js",
    "dependencies": {
      "body-parser": "^1.18.3",
      "cors": "^2.8.3",
      "express": "^4.15.2",
      "react-router-dom": "^5.0.0"
    },
    "devDependencies": {
      "nodemon": "^1.17.2"
    },
    "scripts": {
      "start": "nodemon server.js"
    },

yarn manifest: 
  No manifest

Lockfile: 
  # THIS IS AN AUTOGENERATED FILE. DO NOT EDIT THIS FILE DIRECTLY.
  # yarn lockfile v1
  
  
  "@babel/runtime@^7.1.2", "@babel/runtime@^7.4.3":
    version "7.4.4"
    resolved "https://registry.yarnpkg.com/@babel/runtime/-/runtime-7.4.4.tgz#dc2e34982eb236803aa27a07fea6857af1b9171d"
    integrity sha512-w0+uT71b6Yi7i5SE0co4NioIpSYS6lLiXvCzWzGSKvpK5vdQtCbICHMj+gbAKAOtxiV6HsVh/MBdaF9EQ6faSg==
    dependencies:
      regenerator-runtime "^0.13.2"
  
  accepts@~1.3.7:
    version "1.3.7"
    resolved "https://registry.yarnpkg.com/accepts/-/accepts-1.3.7.tgz#531bc726517a3b2b41f850021c6cc15eaab507cd"
    integrity sha512-Il80Qs2WjYlJIBNzNkK6KYqlVMTbZLXgHx2oT0pU/fjRHyEp+PEfEPY0R3WCwAGVOtauxh1hOxNgIf5bv7dQpA==
    dependencies:
      mime-types "~2.1.24"
      negotiator "0.6.2"
  
  array-flatten@1.1.1:
    version "1.1.1"
    resolved "https://registry.yarnpkg.com/array-flatten/-/array-flatten-1.1.1.tgz#9a5f699051b1e7073328f2a008968b64ea2955d2"
    integrity sha1-ml9pkFGx5wczKPKgCJaLZOopVdI=
  
  asap@~2.0.3:
    version "2.0.6"
    resolved "https://registry.yarnpkg.com/asap/-/asap-2.0.6.tgz#e50347611d7e690943208bbdafebcbc2fb866d46"
    integrity sha1-5QNHYR1+aQlDIIu9r+vLwvuGbUY=
  
  axios@^0.18.0:
    version "0.18.0"
    resolved "https://registry.yarnpkg.com/axios/-/axios-0.18.0.tgz#32d53e4851efdc0a11993b6cd000789d70c05102"
    integrity sha1-MtU+SFHv3AoRmTts0AB4nXDAUQI=
    dependencies:
      follow-redirects "^1.3.0"
      is-buffer "^1.1.5"
  
  body-parser@1.19.0:
    version "1.19.0"
    resolved "https://registry.yarnpkg.com/body-parser/-/body-parser-1.19.0.tgz#96b2709e57c9c4e09a6fd66a8fd979844f69f08a"
    integrity sha512-dhEPs72UPbDnAQJ9ZKMNTP6ptJaionhP5cBb541nXPlW60Jepo9RV/a4fX4XWW9CuFNK22krhrj1+rgzifNCsw==
    dependencies:
      bytes "3.1.0"
      content-type "~1.0.4"
      debug "2.6.9"
      depd "~1.1.2"
      http-errors "1.7.2"
      iconv-lite "0.4.24"
      on-finished "~2.3.0"
      qs "6.7.0"
      raw-body "2.4.0"
      type-is "~1.6.17"
  
  bytes@3.1.0:
    version "3.1.0"
    resolved "https://registry.yarnpkg.com/bytes/-/bytes-3.1.0.tgz#f6cf7933a360e0588fa9fde85651cdc7f805d1f6"
    integrity sha512-zauLjrfCG+xvoyaqLoV8bLVXXNGC4JqlxFCutSDWA6fJrTo2ZuvLYTqZ7aHBLZSMOopbzwv8f+wZcVzfVTI2Dg==
  
  content-disposition@0.5.3:
    version "0.5.3"
    resolved "https://registry.yarnpkg.com/content-disposition/-/content-disposition-0.5.3.tgz#e130caf7e7279087c5616c2007d0485698984fbd"
    integrity sha512-ExO0774ikEObIAEV9kDo50o+79VCUdEB6n6lzKgGwupcVeRlhrj3qGAfwq8G6uBJjkqLrhT0qEYFcWng8z1z0g==
    dependencies:
      safe-buffer "5.1.2"
  
  content-type@~1.0.4:
    version "1.0.4"
    resolved "https://registry.yarnpkg.com/content-type/-/content-type-1.0.4.tgz#e138cc75e040c727b1966fe5e5f8c9aee256fe3b"
    integrity sha512-hIP3EEPs8tB9AT1L+NUqtwOAps4mk2Zob89MWXMHjHWg9milF/j4osnnQLXBCBFBk/tvIG/tUc9mOUJiPBhPXA==
  
  cookie-signature@1.0.6:
    version "1.0.6"
    resolved "https://registry.yarnpkg.com/cookie-signature/-/cookie-signature-1.0.6.tgz#e303a882b342cc3ee8ca513a79999734dab3ae2c"
    integrity sha1-4wOogrNCzD7oylE6eZmXNNqzriw=
  
  cookie@0.4.0:
    version "0.4.0"
    resolved "https://registry.yarnpkg.com/cookie/-/cookie-0.4.0.tgz#beb437e7022b3b6d49019d088665303ebe9c14ba"
    integrity sha512-+Hp8fLp57wnUSt0tY0tHEXh4voZRDnoIrZPqlo3DPiI4y9lwg/jqx+1Om94/W6ZaPDOUbnjOt/99w66zk+l1Xg==
  
  core-js@^1.0.0:
    version "1.2.7"
    resolved "https://registry.yarnpkg.com/core-js/-/core-js-1.2.7.tgz#652294c14651db28fa93bd2d5ff2983a4f08c636"
    integrity sha1-ZSKUwUZR2yj6k70tX/KYOk8IxjY=
  
  create-react-context@^0.2.2:
    version "0.2.3"
    resolved "https://registry.yarnpkg.com/create-react-context/-/create-react-context-0.2.3.tgz#9ec140a6914a22ef04b8b09b7771de89567cb6f3"
    integrity sha512-CQBmD0+QGgTaxDL3OX1IDXYqjkp2It4RIbcb99jS6AEg27Ga+a9G3JtK6SIu0HBwPLZlmwt9F7UwWA4Bn92Rag==
    dependencies:
      fbjs "^0.8.0"
      gud "^1.0.0"
  
  debug@2.6.9:
    version "2.6.9"
    resolved "https://registry.yarnpkg.com/debug/-/debug-2.6.9.tgz#5d128515df134ff327e90a4c93f4e077a536341f"
    integrity sha512-bC7ElrdJaJnPbAP+1EotYvqZsb3ecl5wi6Bfi6BJTUcNowp6cvspg0jXznRTKDjm/E7AdgFBVeAPVMNcKGsHMA==
    dependencies:
      ms "2.0.0"
  
  debug@^3.2.6:
    version "3.2.6"
    resolved "https://registry.yarnpkg.com/debug/-/debug-3.2.6.tgz#e83d17de16d8a7efb7717edbe5fb10135eee629b"
    integrity sha512-mel+jf7nrtEl5Pn1Qx46zARXKDpBbvzezse7p7LqINmdoIk8PYP5SySaxEmYv6TZ0JyEKA1hsCId6DIhgITtWQ==
    dependencies:
      ms "^2.1.1"
  
  deep-diff@^0.3.5:
    version "0.3.8"
    resolved "https://registry.yarnpkg.com/deep-diff/-/deep-diff-0.3.8.tgz#c01de63efb0eec9798801d40c7e0dae25b582c84"
    integrity sha1-wB3mPvsO7JeYgB1Ax+Da4ltYLIQ=
  
  depd@~1.1.2:
    version "1.1.2"
    resolved "https://registry.yarnpkg.com/depd/-/depd-1.1.2.tgz#9bcd52e14c097763e749b274c4346ed2e560b5a9"
    integrity sha1-m81S4UwJd2PnSbJ0xDRu0uVgtak=
  
  destroy@~1.0.4:
    version "1.0.4"
    resolved "https://registry.yarnpkg.com/destroy/-/destroy-1.0.4.tgz#978857442c44749e4206613e37946205826abd80"
    integrity sha1-l4hXRCxEdJ5CBmE+N5RiBYJqvYA=
  
  ee-first@1.1.1:
    version "1.1.1"
    resolved "https://registry.yarnpkg.com/ee-first/-/ee-first-1.1.1.tgz#590c61156b0ae2f4f0255732a158b266bc56b21d"
    integrity sha1-WQxhFWsK4vTwJVcyoViyZrxWsh0=
  
  encodeurl@~1.0.2:
    version "1.0.2"
    resolved "https://registry.yarnpkg.com/encodeurl/-/encodeurl-1.0.2.tgz#ad3ff4c86ec2d029322f5a02c3a9a606c95b3f59"
    integrity sha1-rT/0yG7C0CkyL1oCw6mmBslbP1k=
  
  encoding@^0.1.11:
    version "0.1.12"
    resolved "https://registry.yarnpkg.com/encoding/-/encoding-0.1.12.tgz#538b66f3ee62cd1ab51ec323829d1f9480c74beb"
    integrity sha1-U4tm8+5izRq1HsMjgp0flIDHS+s=
    dependencies:
      iconv-lite "~0.4.13"
  
  escape-html@~1.0.3:
    version "1.0.3"
    resolved "https://registry.yarnpkg.com/escape-html/-/escape-html-1.0.3.tgz#0258eae4d3d0c0974de1c169188ef0051d1d1988"
    integrity sha1-Aljq5NPQwJdN4cFpGI7wBR0dGYg=
  
  etag@~1.8.1:
    version "1.8.1"
    resolved "https://registry.yarnpkg.com/etag/-/etag-1.8.1.tgz#41ae2eeb65efa62268aebfea83ac7d79299b0887"
    integrity sha1-Qa4u62XvpiJorr/qg6x9eSmbCIc=
  
  express@^4.15.2:
    version "4.17.0"
    resolved "https://registry.yarnpkg.com/express/-/express-4.17.0.tgz#288af62228a73f4c8ea2990ba3b791bb87cd4438"
    integrity sha512-1Z7/t3Z5ZnBG252gKUPyItc4xdeaA0X934ca2ewckAsVsw9EG71i++ZHZPYnus8g/s5Bty8IMpSVEuRkmwwPRQ==
    dependencies:
      accepts "~1.3.7"
      array-flatten "1.1.1"
      body-parser "1.19.0"
      content-disposition "0.5.3"
      content-type "~1.0.4"
      cookie "0.4.0"
      cookie-signature "1.0.6"
      debug "2.6.9"
      depd "~1.1.2"
      encodeurl "~1.0.2"
      escape-html "~1.0.3"
      etag "~1.8.1"
      finalhandler "~1.1.2"
      fresh "0.5.2"
      merge-descriptors "1.0.1"
      methods "~1.1.2"
      on-finished "~2.3.0"
      parseurl "~1.3.3"
      path-to-regexp "0.1.7"
      proxy-addr "~2.0.5"
      qs "6.7.0"
      range-parser "~1.2.1"
      safe-buffer "5.1.2"
      send "0.17.1"
      serve-static "1.14.1"
      setprototypeof "1.1.1"
      statuses "~1.5.0"
      type-is "~1.6.18"
      utils-merge "1.0.1"
      vary "~1.1.2"
  
  fbjs@^0.8.0:
    version "0.8.17"
    resolved "https://registry.yarnpkg.com/fbjs/-/fbjs-0.8.17.tgz#c4d598ead6949112653d6588b01a5cdcd9f90fdd"
    integrity sha1-xNWY6taUkRJlPWWIsBpc3Nn5D90=
    dependencies:
      core-js "^1.0.0"
      isomorphic-fetch "^2.1.1"
      loose-envify "^1.0.0"
      object-assign "^4.1.0"
      promise "^7.1.1"
      setimmediate "^1.0.5"
      ua-parser-js "^0.7.18"
  
  finalhandler@~1.1.2:
    version "1.1.2"
    resolved "https://registry.yarnpkg.com/finalhandler/-/finalhandler-1.1.2.tgz#b7e7d000ffd11938d0fdb053506f6ebabe9f587d"
    integrity sha512-aAWcW57uxVNrQZqFXjITpW3sIUQmHGG3qSb9mUah9MgMC4NeWhNOlNjXEYq3HjRAvL6arUviZGGJsBg6z0zsWA==
    dependencies:
      debug "2.6.9"
      encodeurl "~1.0.2"
      escape-html "~1.0.3"
      on-finished "~2.3.0"
      parseurl "~1.3.3"
      statuses "~1.5.0"
      unpipe "~1.0.0"
  
  follow-redirects@^1.3.0:
    version "1.7.0"
    resolved "https://registry.yarnpkg.com/follow-redirects/-/follow-redirects-1.7.0.tgz#489ebc198dc0e7f64167bd23b03c4c19b5784c76"
    integrity sha512-m/pZQy4Gj287eNy94nivy5wchN3Kp+Q5WgUPNy5lJSZ3sgkVKSYV/ZChMAQVIgx1SqfZ2zBZtPA2YlXIWxxJOQ==
    dependencies:
      debug "^3.2.6"
  
  forwarded@~0.1.2:
    version "0.1.2"
    resolved "https://registry.yarnpkg.com/forwarded/-/forwarded-0.1.2.tgz#98c23dab1175657b8c0573e8ceccd91b0ff18c84"
    integrity sha1-mMI9qxF1ZXuMBXPozszZGw/xjIQ=
  
  fresh@0.5.2:
    version "0.5.2"
    resolved "https://registry.yarnpkg.com/fresh/-/fresh-0.5.2.tgz#3d8cadd90d976569fa835ab1f8e4b23a105605a7"
    integrity sha1-PYyt2Q2XZWn6g1qx+OSyOhBWBac=
  
  gud@^1.0.0:
    version "1.0.0"
    resolved "https://registry.yarnpkg.com/gud/-/gud-1.0.0.tgz#a489581b17e6a70beca9abe3ae57de7a499852c0"
    integrity sha512-zGEOVKFM5sVPPrYs7J5/hYEw2Pof8KCyOwyhG8sAF26mCAeUFAcYPu1mwB7hhpIP29zOIBaDqwuHdLp0jvZXjw==
  
  history@^4.9.0:
    version "4.9.0"
    resolved "https://registry.yarnpkg.com/history/-/history-4.9.0.tgz#84587c2068039ead8af769e9d6a6860a14fa1bca"
    integrity sha512-H2DkjCjXf0Op9OAr6nJ56fcRkTSNrUiv41vNJ6IswJjif6wlpZK0BTfFbi7qK9dXLSYZxkq5lBsj3vUjlYBYZA==
    dependencies:
      "@babel/runtime" "^7.1.2"
      loose-envify "^1.2.0"
      resolve-pathname "^2.2.0"
      tiny-invariant "^1.0.2"
      tiny-warning "^1.0.0"
      value-equal "^0.4.0"
  
  hoist-non-react-statics@^3.1.0, hoist-non-react-statics@^3.3.0:
    version "3.3.0"
    resolved "https://registry.yarnpkg.com/hoist-non-react-statics/-/hoist-non-react-statics-3.3.0.tgz#b09178f0122184fb95acf525daaecb4d8f45958b"
    integrity sha512-0XsbTXxgiaCDYDIWFcwkmerZPSwywfUqYmwT4jzewKTQSWoE6FCMoUVOeBJWK3E/CrWbxRG3m5GzY4lnIwGRBA==
    dependencies:
      react-is "^16.7.0"
  
  http-errors@1.7.2, http-errors@~1.7.2:
    version "1.7.2"
    resolved "https://registry.yarnpkg.com/http-errors/-/http-errors-1.7.2.tgz#4f5029cf13239f31036e5b2e55292bcfbcc85c8f"
    integrity sha512-uUQBt3H/cSIVfch6i1EuPNy/YsRSOUBXTVfZ+yR7Zjez3qjBz6i9+i4zjNaoqcoFVI4lQJ5plg63TvGfRSDCRg==
    dependencies:
      depd "~1.1.2"
      inherits "2.0.3"
      setprototypeof "1.1.1"
      statuses ">= 1.5.0 < 2"
      toidentifier "1.0.0"
  
  iconv-lite@0.4.24, iconv-lite@~0.4.13:
    version "0.4.24"
    resolved "https://registry.yarnpkg.com/iconv-lite/-/iconv-lite-0.4.24.tgz#2022b4b25fbddc21d2f524974a474aafe733908b"
    integrity sha512-v3MXnZAcvnywkTUEZomIActle7RXXeedOR31wwl7VlyoXO4Qi9arvSenNQWne1TcRwhCL1HwLI21bEqdpj8/rA==
    dependencies:
      safer-buffer ">= 2.1.2 < 3"
  
  inherits@2.0.3:
    version "2.0.3"
    resolved "https://registry.yarnpkg.com/inherits/-/inherits-2.0.3.tgz#633c2c83e3da42a502f52466022480f4208261de"
    integrity sha1-Yzwsg+PaQqUC9SRmAiSA9CCCYd4=
  
  invariant@^2.2.4:
    version "2.2.4"
    resolved "https://registry.yarnpkg.com/invariant/-/invariant-2.2.4.tgz#610f3c92c9359ce1db616e538008d23ff35158e6"
    integrity sha512-phJfQVBuaJM5raOpJjSfkiD6BpbCE4Ns//LaXl6wGYtUBY83nWS6Rf9tXm2e8VaK60JEjYldbPif/A2B1C2gNA==
    dependencies:
      loose-envify "^1.0.0"
  
  ipaddr.js@1.9.0:
    version "1.9.0"
    resolved "https://registry.yarnpkg.com/ipaddr.js/-/ipaddr.js-1.9.0.tgz#37df74e430a0e47550fe54a2defe30d8acd95f65"
    integrity sha512-M4Sjn6N/+O6/IXSJseKqHoFc+5FdGJ22sXqnjTpdZweHK64MzEPAyQZyEU3R/KRv2GLoa7nNtg/C2Ev6m7z+eA==
  
  is-buffer@^1.1.5:
    version "1.1.6"
    resolved "https://registry.yarnpkg.com/is-buffer/-/is-buffer-1.1.6.tgz#efaa2ea9daa0d7ab2ea13a97b2b8ad51fefbe8be"
    integrity sha512-NcdALwpXkTm5Zvvbk7owOUSvVvBKDgKP5/ewfXEznmQFfs4ZRmanOeKBTjRVjka3QFoN6XJ+9F3USqfHqTaU5w==
  
  is-stream@^1.0.1:
    version "1.1.0"
    resolved "https://registry.yarnpkg.com/is-stream/-/is-stream-1.1.0.tgz#12d4a3dd4e68e0b79ceb8dbc84173ae80d91ca44"
    integrity sha1-EtSj3U5o4Lec6428hBc66A2RykQ=
  
  isarray@0.0.1:
    version "0.0.1"
    resolved "https://registry.yarnpkg.com/isarray/-/isarray-0.0.1.tgz#8a18acfca9a8f4177e09abfc6038939b05d1eedf"
    integrity sha1-ihis/Kmo9Bd+Cav8YDiTmwXR7t8=
  
  isomorphic-fetch@^2.1.1:
    version "2.2.1"
    resolved "https://registry.yarnpkg.com/isomorphic-fetch/-/isomorphic-fetch-2.2.1.tgz#611ae1acf14f5e81f729507472819fe9733558a9"
    integrity sha1-YRrhrPFPXoH3KVB0coGf6XM1WKk=
    dependencies:
      node-fetch "^1.0.1"
      whatwg-fetch ">=0.10.0"
  
  "js-tokens@^3.0.0 || ^4.0.0":
    version "4.0.0"
    resolved "https://registry.yarnpkg.com/js-tokens/-/js-tokens-4.0.0.tgz#19203fb59991df98e3a287050d4647cdeaf32499"
    integrity sha512-RdJUflcE3cUzKiMqQgsCu06FPu9UdIJO0beYbPhHN4k6apgJtifcoCtT9bcxOpYBtpD2kCM6Sbzg4CausW/PKQ==
  
  loose-envify@^1.0.0, loose-envify@^1.2.0, loose-envify@^1.3.1, loose-envify@^1.4.0:
    version "1.4.0"
    resolved "https://registry.yarnpkg.com/loose-envify/-/loose-envify-1.4.0.tgz#71ee51fa7be4caec1a63839f7e682d8132d30caf"
    integrity sha512-lyuxPGr/Wfhrlem2CL/UcnUc1zcqKAImBDzukY7Y5F/yQiNdko6+fRLevlw1HgMySw7f611UIY408EtxRSoK3Q==
    dependencies:
      js-tokens "^3.0.0 || ^4.0.0"
  
  media-typer@0.3.0:
    version "0.3.0"
    resolved "https://registry.yarnpkg.com/media-typer/-/media-typer-0.3.0.tgz#8710d7af0aa626f8fffa1ce00168545263255748"
    integrity sha1-hxDXrwqmJvj/+hzgAWhUUmMlV0g=
  
  merge-descriptors@1.0.1:
    version "1.0.1"
    resolved "https://registry.yarnpkg.com/merge-descriptors/-/merge-descriptors-1.0.1.tgz#b00aaa556dd8b44568150ec9d1b953f3f90cbb61"
    integrity sha1-sAqqVW3YtEVoFQ7J0blT8/kMu2E=
  
  methods@~1.1.2:
    version "1.1.2"
    resolved "https://registry.yarnpkg.com/methods/-/methods-1.1.2.tgz#5529a4d67654134edcc5266656835b0f851afcee"
    integrity sha1-VSmk1nZUE07cxSZmVoNbD4Ua/O4=
  
  mime-db@1.40.0:
    version "1.40.0"
    resolved "https://registry.yarnpkg.com/mime-db/-/mime-db-1.40.0.tgz#a65057e998db090f732a68f6c276d387d4126c32"
    integrity sha512-jYdeOMPy9vnxEqFRRo6ZvTZ8d9oPb+k18PKoYNYUe2stVEBPPwsln/qWzdbmaIvnhZ9v2P+CuecK+fpUfsV2mA==
  
  mime-types@~2.1.24:
    version "2.1.24"
    resolved "https://registry.yarnpkg.com/mime-types/-/mime-types-2.1.24.tgz#b6f8d0b3e951efb77dedeca194cff6d16f676f81"
    integrity sha512-WaFHS3MCl5fapm3oLxU4eYDw77IQM2ACcxQ9RIxfaC3ooc6PFuBMGZZsYpvoXS5D5QTWPieo1jjLdAm3TBP3cQ==
    dependencies:
      mime-db "1.40.0"
  
  mime@1.6.0:
    version "1.6.0"
    resolved "https://registry.yarnpkg.com/mime/-/mime-1.6.0.tgz#32cd9e5c64553bd58d19a568af452acff04981b1"
    integrity sha512-x0Vn8spI+wuJ1O6S7gnbaQg8Pxh4NNHb7KSINmEWKiPE4RKOplvijn+NkmYmmRgP68mc70j2EbeTFRsrswaQeg==
  
  ms@2.0.0:
    version "2.0.0"
    resolved "https://registry.yarnpkg.com/ms/-/ms-2.0.0.tgz#5608aeadfc00be6c2901df5f9861788de0d597c8"
    integrity sha1-VgiurfwAvmwpAd9fmGF4jeDVl8g=
  
  ms@2.1.1, ms@^2.1.1:
    version "2.1.1"
    resolved "https://registry.yarnpkg.com/ms/-/ms-2.1.1.tgz#30a5864eb3ebb0a66f2ebe6d727af06a09d86e0a"
    integrity sha512-tgp+dl5cGk28utYktBsrFqA7HKgrhgPsg6Z/EfhWI4gl1Hwq8B/GmY/0oXZ6nF8hDVesS/FpnYaD/kOWhYQvyg==
  
  negotiator@0.6.2:
    version "0.6.2"
    resolved "https://registry.yarnpkg.com/negotiator/-/negotiator-0.6.2.tgz#feacf7ccf525a77ae9634436a64883ffeca346fb"
    integrity sha512-hZXc7K2e+PgeI1eDBe/10Ard4ekbfrrqG8Ep+8Jmf4JID2bNg7NvCPOZN+kfF574pFQI7mum2AUqDidoKqcTOw==
  
  node-fetch@^1.0.1:
    version "1.7.3"
    resolved "https://registry.yarnpkg.com/node-fetch/-/node-fetch-1.7.3.tgz#980f6f72d85211a5347c6b2bc18c5b84c3eb47ef"
    integrity sha512-NhZ4CsKx7cYm2vSrBAr2PvFOe6sWDf0UYLRqA6svUYg7+/TSfVAu49jYC4BvQ4Sms9SZgdqGBgroqfDhJdTyKQ==
    dependencies:
      encoding "^0.1.11"
      is-stream "^1.0.1"
  
  object-assign@^4.1.0, object-assign@^4.1.1:
    version "4.1.1"
    resolved "https://registry.yarnpkg.com/object-assign/-/object-assign-4.1.1.tgz#2109adc7965887cfc05cbbd442cac8bfbb360863"
    integrity sha1-IQmtx5ZYh8/AXLvUQsrIv7s2CGM=
  
  on-finished@~2.3.0:
    version "2.3.0"
    resolved "https://registry.yarnpkg.com/on-finished/-/on-finished-2.3.0.tgz#20f1336481b083cd75337992a16971aa2d906947"
    integrity sha1-IPEzZIGwg811M3mSoWlxqi2QaUc=
    dependencies:
      ee-first "1.1.1"
  
  parseurl@~1.3.3:
    version "1.3.3"
    resolved "https://registry.yarnpkg.com/parseurl/-/parseurl-1.3.3.tgz#9da19e7bee8d12dff0513ed5b76957793bc2e8d4"
    integrity sha512-CiyeOxFT/JZyN5m0z9PfXw4SCBJ6Sygz1Dpl0wqjlhDEGGBP1GnsUVEL0p63hoG1fcj3fHynXi9NYO4nWOL+qQ==
  
  path-to-regexp@0.1.7:
    version "0.1.7"
    resolved "https://registry.yarnpkg.com/path-to-regexp/-/path-to-regexp-0.1.7.tgz#df604178005f522f15eb4490e7247a1bfaa67f8c"
    integrity sha1-32BBeABfUi8V60SQ5yR6G/qmf4w=
  
  path-to-regexp@^1.7.0:
    version "1.7.0"
    resolved "https://registry.yarnpkg.com/path-to-regexp/-/path-to-regexp-1.7.0.tgz#59fde0f435badacba103a84e9d3bc64e96b9937d"
    integrity sha1-Wf3g9DW62suhA6hOnTvGTpa5k30=
    dependencies:
      isarray "0.0.1"
  
  promise@^7.1.1:
    version "7.3.1"
    resolved "https://registry.yarnpkg.com/promise/-/promise-7.3.1.tgz#064b72602b18f90f29192b8b1bc418ffd1ebd3bf"
    integrity sha512-nolQXZ/4L+bP/UGlkfaIujX9BKxGwmQ9OT4mOt5yvy8iK1h3wqTEJCijzGANTCCl9nWjY41juyAn2K3Q1hLLTg==
    dependencies:
      asap "~2.0.3"
  
  prop-types@^15.6.2, prop-types@^15.7.2:
    version "15.7.2"
    resolved "https://registry.yarnpkg.com/prop-types/-/prop-types-15.7.2.tgz#52c41e75b8c87e72b9d9360e0206b99dcbffa6c5"
    integrity sha512-8QQikdH7//R2vurIJSutZ1smHYTcLpRWEOlHnzcWHmBYrOGUysKwSsrC89BCiFj3CbrfJ/nXFdJepOVrY1GCHQ==
    dependencies:
      loose-envify "^1.4.0"
      object-assign "^4.1.1"
      react-is "^16.8.1"
  
  proxy-addr@~2.0.5:
    version "2.0.5"
    resolved "https://registry.yarnpkg.com/proxy-addr/-/proxy-addr-2.0.5.tgz#34cbd64a2d81f4b1fd21e76f9f06c8a45299ee34"
    integrity sha512-t/7RxHXPH6cJtP0pRG6smSr9QJidhB+3kXu0KgXnbGYMgzEnUxRQ4/LDdfOwZEMyIh3/xHb8PX3t+lfL9z+YVQ==
    dependencies:
      forwarded "~0.1.2"
      ipaddr.js "1.9.0"
  
  qs@6.7.0:
    version "6.7.0"
    resolved "https://registry.yarnpkg.com/qs/-/qs-6.7.0.tgz#41dc1a015e3d581f1621776be31afb2876a9b1bc"
    integrity sha512-VCdBRNFTX1fyE7Nb6FYoURo/SPe62QCaAyzJvUjwRaIsc+NePBEniHlvxFmmX56+HZphIGtV0XeCirBtpDrTyQ==
  
  range-parser@~1.2.1:
    version "1.2.1"
    resolved "https://registry.yarnpkg.com/range-parser/-/range-parser-1.2.1.tgz#3cf37023d199e1c24d1a55b84800c2f3e6468031"
    integrity sha512-Hrgsx+orqoygnmhFbKaHE6c296J+HTAQXoxEF6gNupROmmGJRoyzfG3ccAveqCBrwr/2yxQ5BVd/GTl5agOwSg==
  
  raw-body@2.4.0:
    version "2.4.0"
    resolved "https://registry.yarnpkg.com/raw-body/-/raw-body-2.4.0.tgz#a1ce6fb9c9bc356ca52e89256ab59059e13d0332"
    integrity sha512-4Oz8DUIwdvoa5qMJelxipzi/iJIi40O5cGV1wNYp5hvZP8ZN0T+jiNkL0QepXs+EsQ9XJ8ipEDoiH70ySUJP3Q==
    dependencies:
      bytes "3.1.0"
      http-errors "1.7.2"
      iconv-lite "0.4.24"
      unpipe "1.0.0"
  
  react-is@^16.6.0, react-is@^16.7.0, react-is@^16.8.1, react-is@^16.8.6:
    version "16.8.6"
    resolved "https://registry.yarnpkg.com/react-is/-/react-is-16.8.6.tgz#5bbc1e2d29141c9fbdfed456343fe2bc430a6a16"
    integrity sha512-aUk3bHfZ2bRSVFFbbeVS4i+lNPZr3/WM5jT2J5omUVV1zzcs1nAaf3l51ctA5FFvCRbhrH0bdAsRRQddFJZPtA==
  
  react-redux@^7.0.3:
    version "7.0.3"
    resolved "https://registry.yarnpkg.com/react-redux/-/react-redux-7.0.3.tgz#983c5a6de81cb1e696bd1c090ba826545f9170f1"
    integrity sha512-vYZA7ftOYlDk3NetitsI7fLjryt/widNl1SLXYvFenIpm7vjb4ryK0EeFrgn62usg5fYkyIAWNUPKnwWPevKLg==
    dependencies:
      "@babel/runtime" "^7.4.3"
      hoist-non-react-statics "^3.3.0"
      invariant "^2.2.4"
      loose-envify "^1.4.0"
      prop-types "^15.7.2"
      react-is "^16.8.6"
  
  react-router-dom@^5.0.0:
    version "5.0.0"
    resolved "https://registry.yarnpkg.com/react-router-dom/-/react-router-dom-5.0.0.tgz#542a9b86af269a37f0b87218c4c25ea8dcf0c073"
    integrity sha512-wSpja5g9kh5dIteZT3tUoggjnsa+TPFHSMrpHXMpFsaHhQkm/JNVGh2jiF9Dkh4+duj4MKCkwO6H08u6inZYgQ==
    dependencies:
      "@babel/runtime" "^7.1.2"
      history "^4.9.0"
      loose-envify "^1.3.1"
      prop-types "^15.6.2"
      react-router "5.0.0"
      tiny-invariant "^1.0.2"
      tiny-warning "^1.0.0"
  
  react-router@5.0.0:
    version "5.0.0"
    resolved "https://registry.yarnpkg.com/react-router/-/react-router-5.0.0.tgz#349863f769ffc2fa10ee7331a4296e86bc12879d"
    integrity sha512-6EQDakGdLG/it2x9EaCt9ZpEEPxnd0OCLBHQ1AcITAAx7nCnyvnzf76jKWG1s2/oJ7SSviUgfWHofdYljFexsA==
    dependencies:
      "@babel/runtime" "^7.1.2"
      create-react-context "^0.2.2"
      history "^4.9.0"
      hoist-non-react-statics "^3.1.0"
      loose-envify "^1.3.1"
      path-to-regexp "^1.7.0"
      prop-types "^15.6.2"
      react-is "^16.6.0"
      tiny-invariant "^1.0.2"
      tiny-warning "^1.0.0"
  
  redux-logger@^3.0.6:
    version "3.0.6"
    resolved "https://registry.yarnpkg.com/redux-logger/-/redux-logger-3.0.6.tgz#f7555966f3098f3c88604c449cf0baf5778274bf"
    integrity sha1-91VZZvMJjzyIYExEnPC69XeCdL8=
    dependencies:
      deep-diff "^0.3.5"
  
  redux-thunk@^2.3.0:
    version "2.3.0"
    resolved "https://registry.yarnpkg.com/redux-thunk/-/redux-thunk-2.3.0.tgz#51c2c19a185ed5187aaa9a2d08b666d0d6467622"
    integrity sha512-km6dclyFnmcvxhAcrQV2AkZmPQjzPDjgVlQtR0EQjxZPyJ0BnMf3in1ryuR8A2qU0HldVRfxYXbFSKlI3N7Slw==
  
  redux@^4.0.1:
    version "4.0.1"
    resolved "https://registry.yarnpkg.com/redux/-/redux-4.0.1.tgz#436cae6cc40fbe4727689d7c8fae44808f1bfef5"
    integrity sha512-R7bAtSkk7nY6O/OYMVR9RiBI+XghjF9rlbl5806HJbQph0LJVHZrU5oaO4q70eUKiqMRqm4y07KLTlMZ2BlVmg==
    dependencies:
      loose-envify "^1.4.0"
      symbol-observable "^1.2.0"
  
  regenerator-runtime@^0.13.2:
    version "0.13.2"
    resolved "https://registry.yarnpkg.com/regenerator-runtime/-/regenerator-runtime-0.13.2.tgz#32e59c9a6fb9b1a4aff09b4930ca2d4477343447"
    integrity sha512-S/TQAZJO+D3m9xeN1WTI8dLKBBiRgXBlTJvbWjCThHWZj9EvHK70Ff50/tYj2J/fvBY6JtFVwRuazHN2E7M9BA==
  
  resolve-pathname@^2.2.0:
    version "2.2.0"
    resolved "https://registry.yarnpkg.com/resolve-pathname/-/resolve-pathname-2.2.0.tgz#7e9ae21ed815fd63ab189adeee64dc831eefa879"
    integrity sha512-bAFz9ld18RzJfddgrO2e/0S2O81710++chRMUxHjXOYKF6jTAMrUNZrEZ1PvV0zlhfjidm08iRPdTLPno1FuRg==
  
  safe-buffer@5.1.2:
    version "5.1.2"
    resolved "https://registry.yarnpkg.com/safe-buffer/-/safe-buffer-5.1.2.tgz#991ec69d296e0313747d59bdfd2b745c35f8828d"
    integrity sha512-Gd2UZBJDkXlY7GbJxfsE8/nvKkUEU1G38c1siN6QP6a9PT9MmHB8GnpscSmMJSoF8LOIrt8ud/wPtojys4G6+g==
  
  "safer-buffer@>= 2.1.2 < 3":
    version "2.1.2"
    resolved "https://registry.yarnpkg.com/safer-buffer/-/safer-buffer-2.1.2.tgz#44fa161b0187b9549dd84bb91802f9bd8385cd6a"
    integrity sha512-YZo3K82SD7Riyi0E1EQPojLz7kpepnSQI9IyPbHHg1XXXevb5dJI7tpyN2ADxGcQbHG7vcyRHk0cbwqcQriUtg==
  
  send@0.17.1:
    version "0.17.1"
    resolved "https://registry.yarnpkg.com/send/-/send-0.17.1.tgz#c1d8b059f7900f7466dd4938bdc44e11ddb376c8"
    integrity sha512-BsVKsiGcQMFwT8UxypobUKyv7irCNRHk1T0G680vk88yf6LBByGcZJOTJCrTP2xVN6yI+XjPJcNuE3V4fT9sAg==
    dependencies:
      debug "2.6.9"
      depd "~1.1.2"
      destroy "~1.0.4"
      encodeurl "~1.0.2"
      escape-html "~1.0.3"
      etag "~1.8.1"
      fresh "0.5.2"
      http-errors "~1.7.2"
      mime "1.6.0"
      ms "2.1.1"
      on-finished "~2.3.0"
      range-parser "~1.2.1"
      statuses "~1.5.0"
  
  serve-static@1.14.1:
    version "1.14.1"
    resolved "https://registry.yarnpkg.com/serve-static/-/serve-static-1.14.1.tgz#666e636dc4f010f7ef29970a88a674320898b2f9"
    integrity sha512-JMrvUwE54emCYWlTI+hGrGv5I8dEwmco/00EvkzIIsR7MqrHonbD9pO2MOfFnpFntl7ecpZs+3mW+XbQZu9QCg==
    dependencies:
      encodeurl "~1.0.2"
      escape-html "~1.0.3"
      parseurl "~1.3.3"
      send "0.17.1"
  
  setimmediate@^1.0.5:
    version "1.0.5"
    resolved "https://registry.yarnpkg.com/setimmediate/-/setimmediate-1.0.5.tgz#290cbb232e306942d7d7ea9b83732ab7856f8285"
    integrity sha1-KQy7Iy4waULX1+qbg3Mqt4VvgoU=
  
  setprototypeof@1.1.1:
    version "1.1.1"
    resolved "https://registry.yarnpkg.com/setprototypeof/-/setprototypeof-1.1.1.tgz#7e95acb24aa92f5885e0abef5ba131330d4ae683"
    integrity sha512-JvdAWfbXeIGaZ9cILp38HntZSFSo3mWg6xGcJJsd+d4aRMOqauag1C63dJfDw7OaMYwEbHMOxEZ1lqVRYP2OAw==
  
  "statuses@>= 1.5.0 < 2", statuses@~1.5.0:
    version "1.5.0"
    resolved "https://registry.yarnpkg.com/statuses/-/statuses-1.5.0.tgz#161c7dac177659fd9811f43771fa99381478628c"
    integrity sha1-Fhx9rBd2Wf2YEfQ3cfqZOBR4Yow=
  
  symbol-observable@^1.2.0:
    version "1.2.0"
    resolved "https://registry.yarnpkg.com/symbol-observable/-/symbol-observable-1.2.0.tgz#c22688aed4eab3cdc2dfeacbb561660560a00804"
    integrity sha512-e900nM8RRtGhlV36KGEU9k65K3mPb1WV70OdjfxlG2EAuM1noi/E/BaW/uMhL7bPEssK8QV57vN3esixjUvcXQ==
  
  tiny-invariant@^1.0.2:
    version "1.0.4"
    resolved "https://registry.yarnpkg.com/tiny-invariant/-/tiny-invariant-1.0.4.tgz#346b5415fd93cb696b0c4e8a96697ff590f92463"
    integrity sha512-lMhRd/djQJ3MoaHEBrw8e2/uM4rs9YMNk0iOr8rHQ0QdbM7D4l0gFl3szKdeixrlyfm9Zqi4dxHCM2qVG8ND5g==
  
  tiny-warning@^1.0.0:
    version "1.0.2"
    resolved "https://registry.yarnpkg.com/tiny-warning/-/tiny-warning-1.0.2.tgz#1dfae771ee1a04396bdfde27a3adcebc6b648b28"
    integrity sha512-rru86D9CpQRLvsFG5XFdy0KdLAvjdQDyZCsRcuu60WtzFylDM3eAWSxEVz5kzL2Gp544XiUvPbVKtOA/txLi9Q==
  
  toidentifier@1.0.0:
    version "1.0.0"
    resolved "https://registry.yarnpkg.com/toidentifier/-/toidentifier-1.0.0.tgz#7e1be3470f1e77948bc43d94a3c8f4d7752ba553"
    integrity sha512-yaOH/Pk/VEhBWWTlhI+qXxDFXlejDGcQipMlyxda9nthulaxLZUNcUqFxokp0vcYnvteJln5FNQDRrxj3YcbVw==
  
  type-is@~1.6.17, type-is@~1.6.18:
    version "1.6.18"
    resolved "https://registry.yarnpkg.com/type-is/-/type-is-1.6.18.tgz#4e552cd05df09467dcbc4ef739de89f2cf37c131"
    integrity sha512-TkRKr9sUTxEH8MdfuCSP7VizJyzRNMjj2J2do2Jr3Kym598JVdEksuzPQCnlFPW4ky9Q+iA+ma9BGm06XQBy8g==
    dependencies:
      media-typer "0.3.0"
      mime-types "~2.1.24"
  
  ua-parser-js@^0.7.18:
    version "0.7.19"
    resolved "https://registry.yarnpkg.com/ua-parser-js/-/ua-parser-js-0.7.19.tgz#94151be4c0a7fb1d001af7022fdaca4642659e4b"
    integrity sha512-T3PVJ6uz8i0HzPxOF9SWzWAlfN/DavlpQqepn22xgve/5QecC+XMCAtmUNnY7C9StehaV6exjUCI801lOI7QlQ==
  
  unpipe@1.0.0, unpipe@~1.0.0:
    version "1.0.0"
    resolved "https://registry.yarnpkg.com/unpipe/-/unpipe-1.0.0.tgz#b2bf4ee8514aae6165b4817829d21b2ef49904ec"
    integrity sha1-sr9O6FFKrmFltIF4KdIbLvSZBOw=
  
  utils-merge@1.0.1:
    version "1.0.1"
    resolved "https://registry.yarnpkg.com/utils-merge/-/utils-merge-1.0.1.tgz#9f95710f50a267947b2ccc124741c1028427e713"
    integrity sha1-n5VxD1CiZ5R7LMwSR0HBAoQn5xM=
  
  value-equal@^0.4.0:
    version "0.4.0"
    resolved "https://registry.yarnpkg.com/value-equal/-/value-equal-0.4.0.tgz#c5bdd2f54ee093c04839d71ce2e4758a6890abc7"
    integrity sha512-x+cYdNnaA3CxvMaTX0INdTCN8m8aF2uY9BvEqmxuYp8bL09cs/kWVQPVGcA35fMktdOsP69IgU7wFj/61dJHEw==
  
  vary@~1.1.2:
    version "1.1.2"
    resolved "https://registry.yarnpkg.com/vary/-/vary-1.1.2.tgz#2299f02c6ded30d4a5961b0b9f74524a18f634fc"
    integrity sha1-IpnwLG3tMNSllhsLn3RSShj2NPw=
  
  whatwg-fetch@>=0.10.0:
    version "3.0.0"
    resolved "https://registry.yarnpkg.com/whatwg-fetch/-/whatwg-fetch-3.0.0.tgz#fc804e458cc460009b1a2b966bc8817d2578aefb"
    integrity sha512-9GSJUgz1D4MfyKU7KRqwOjXCXTqWdFNvEr7eUBYchQiVc744mqK/MzXPNR2WsPkmkOa4ywfg8C2n8h+13Bey1Q==
